<?xml version="1.0" encoding="UTF-8"?>
<!-- Generated by org.testng.reporters.JUnitReportReporter -->
<testsuite skipped="0" hostname="EPCNSZXW0281" name="TestNGFrameWork.MultiBrowserParallel" tests="2" failures="0" timestamp="21 Jul 2017 02:52:59 GMT" time="11.187" errors="0">
  <testcase name="loginGitHub" time="4.975" classname="TestNGFrameWork.MultiBrowserParallel"/>
  <testcase name="loginGitHub" time="6.212" classname="TestNGFrameWork.MultiBrowserParallel"/>
</testsuite> <!-- TestNGFrameWork.MultiBrowserParallel -->
