<?xml version="1.0" encoding="UTF-8"?>
<!-- Generated by org.testng.reporters.JUnitReportReporter -->
<testsuite skipped="0" hostname="EPCNSZXW0281" name="LocatorFindElements.TestRunner" tests="6" failures="0" timestamp="07 Jun 2017 05:58:55 GMT" time="4.149" errors="0">
  <testcase name="testFindByXpathContains" time="0.103" classname="LocatorFindElements.TestRunner"/>
  <testcase name="openPricePage" time="3.917" classname="LocatorFindElements.TestRunner"/>
  <testcase name="testFindByXpathList" time="0.065" classname="LocatorFindElements.TestRunner"/>
  <testcase name="testFindByXpathPredications" time="0.021" classname="LocatorFindElements.TestRunner"/>
  <testcase name="testFindByXpathText" time="0.021" classname="LocatorFindElements.TestRunner"/>
  <testcase name="testFindByXpathPosition" time="0.022" classname="LocatorFindElements.TestRunner"/>
</testsuite> <!-- LocatorFindElements.TestRunner -->
