<?xml version="1.0" encoding="UTF-8"?>
<!-- Generated by org.testng.reporters.JUnitReportReporter -->
<testsuite skipped="0" hostname="EPCNSZXW0281" name="TestNGFrameWork.TestNGParameter" tests="3" failures="0" timestamp="14 Jul 2017 07:35:05 GMT" time="27.528" errors="0">
  <testcase name="test" time="8.579" classname="TestNGFrameWork.TestNGParameter"/>
  <testcase name="test" time="9.528" classname="TestNGFrameWork.TestNGParameter"/>
  <testcase name="test" time="9.421" classname="TestNGFrameWork.TestNGParameter"/>
</testsuite> <!-- TestNGFrameWork.TestNGParameter -->
