<?xml version="1.0" encoding="UTF-8"?>
<!-- Generated by org.testng.reporters.JUnitReportReporter -->
<testsuite skipped="1" hostname="EPCNSZXW0281" name="TestNGAnnotations.TestNGCase" tests="4" failures="0" timestamp="10 Jul 2017 09:16:37 GMT" time="0.024" errors="0">
  <testcase name="one" time="0.014" classname="TestNGAnnotations.TestNGCase"/>
  <testcase name="two" time="0.005" classname="TestNGAnnotations.TestNGCase"/>
  <testcase name="four" time="0.005" classname="TestNGAnnotations.TestNGCase"/>
  <testcase name="three" classname="TestNGAnnotations.TestNGCase">
    <skipped/>
  </testcase> <!-- three -->
</testsuite> <!-- TestNGAnnotations.TestNGCase -->
