<?xml version="1.0" encoding="UTF-8"?>
<!-- Generated by org.testng.reporters.JUnitReportReporter -->
<testsuite skipped="2" hostname="EPCNSZXW0281" name="TestNGFrameWork.TestNGAnnotation" tests="7" failures="0" timestamp="14 Jul 2017 02:46:33 GMT" time="0.018" errors="0">
  <testcase name="testCase2" time="0.007" classname="TestNGFrameWork.TestNGAnnotation"/>
  <testcase name="testCase1" time="0.006" classname="TestNGFrameWork.TestNGAnnotation"/>
  <testcase name="one" time="0.001" classname="TestNGFrameWork.TestNGAnnotation"/>
  <testcase name="two" time="0.002" classname="TestNGFrameWork.TestNGAnnotation"/>
  <testcase name="four" time="0.002" classname="TestNGFrameWork.TestNGAnnotation"/>
  <testcase name="three" classname="TestNGFrameWork.TestNGAnnotation">
    <skipped/>
  </testcase> <!-- three -->
  <testcase name="three" classname="TestNGFrameWork.TestNGAnnotation">
    <skipped/>
  </testcase> <!-- three -->
</testsuite> <!-- TestNGFrameWork.TestNGAnnotation -->
